2018-06-12 16:21:08.681  INFO 5296 --- [main] .d.s.XdhtDiseaseShunfengApplicationTests : The following profiles are active: dev
2018-06-12 16:21:08.687  INFO 5296 --- [main] o.s.w.c.s.GenericWebApplicationContext   : Refreshing org.springframework.web.context.support.GenericWebApplicationContext@7957dc72: startup date [Tue Jun 12 16:21:08 CST 2018]; parent: org.springframework.context.annotation.AnnotationConfigApplicationContext@238d68ff
2018-06-12 16:21:08.687 DEBUG 5296 --- [main] o.s.w.c.s.GenericWebApplicationContext   : Bean factory for org.springframework.web.context.support.GenericWebApplicationContext@7957dc72: org.springframework.beans.factory.support.DefaultListableBeanFactory@72bca894: defining beans [org.springframework.boot.test.mock.mockito.MockitoPostProcessor$SpyPostProcessor,org.springframework.boot.test.mock.mockito.MockitoPostProcessor,org.springframework.context.annotation.internalConfigurationAnnotationProcessor,org.springframework.context.annotation.internalAutowiredAnnotationProcessor,org.springframework.context.annotation.internalRequiredAnnotationProcessor,org.springframework.context.annotation.internalCommonAnnotationProcessor,org.springframework.context.event.internalEventListenerProcessor,org.springframework.context.event.internalEventListenerFactory,xdhtDiseaseShunfengApplication]; parent: org.springframework.beans.factory.support.DefaultListableBeanFactory@7922d892
2018-06-12 16:21:09.389  WARN 5296 --- [main] o.m.s.mapper.ClassPathMapperScanner      : No MyBatis mapper was found in '[com.disease.shunfeng]' package. Please check your configuration.
2018-06-12 16:21:09.425  INFO 5296 --- [main] .s.d.r.c.RepositoryConfigurationDelegate : Multiple Spring Data modules found, entering strict repository configuration mode!
2018-06-12 16:21:09.726  INFO 5296 --- [main] o.s.cloud.context.scope.GenericScope     : BeanFactory id=5dca6707-e40c-398d-ad41-d0f3f1455269
2018-06-12 16:21:09.798  INFO 5296 --- [main] f.a.AutowiredAnnotationBeanPostProcessor : JSR-330 'javax.inject.Inject' annotation found and supported for autowiring
2018-06-12 16:21:09.961  INFO 5296 --- [main] trationDelegate$BeanPostProcessorChecker : Bean 'org.springframework.transaction.annotation.ProxyTransactionManagementConfiguration' of type [org.springframework.transaction.annotation.ProxyTransactionManagementConfiguration$$EnhancerBySpringCGLIB$$681aeb0b] is not eligible for getting processed by all BeanPostProcessors (for example: not eligible for auto-proxying)
2018-06-12 16:21:10.004  INFO 5296 --- [main] trationDelegate$BeanPostProcessorChecker : Bean 'org.springframework.cloud.autoconfigure.ConfigurationPropertiesRebinderAutoConfiguration' of type [org.springframework.cloud.autoconfigure.ConfigurationPropertiesRebinderAutoConfiguration$$EnhancerBySpringCGLIB$$8434ee08] is not eligible for getting processed by all BeanPostProcessors (for example: not eligible for auto-proxying)
2018-06-12 16:21:10.011 DEBUG 5296 --- [main] o.s.w.c.s.GenericWebApplicationContext   : Unable to locate MessageSource with name 'messageSource': using default [org.springframework.context.support.DelegatingMessageSource@78226c36]
2018-06-12 16:21:10.012 DEBUG 5296 --- [main] o.s.w.c.s.GenericWebApplicationContext   : Unable to locate ApplicationEventMulticaster with name 'applicationEventMulticaster': using default [org.springframework.context.event.SimpleApplicationEventMulticaster@3f685162]
2018-06-12 16:21:11.044  INFO 5296 --- [main] s.w.s.m.m.a.RequestMappingHandlerAdapter : Looking for @ControllerAdvice: org.springframework.web.context.support.GenericWebApplicationContext@7957dc72: startup date [Tue Jun 12 16:21:08 CST 2018]; parent: org.springframework.context.annotation.AnnotationConfigApplicationContext@238d68ff
2018-06-12 16:21:11.130 DEBUG 5296 --- [main] s.w.s.m.m.a.RequestMappingHandlerMapping : Looking for request mappings in application context: org.springframework.web.context.support.GenericWebApplicationContext@7957dc72: startup date [Tue Jun 12 16:21:08 CST 2018]; parent: org.springframework.context.annotation.AnnotationConfigApplicationContext@238d68ff
2018-06-12 16:21:11.144 DEBUG 5296 --- [main] s.w.s.m.m.a.RequestMappingHandlerMapping : 2 request handler methods found on class org.springframework.boot.autoconfigure.web.BasicErrorController: {public org.springframework.http.ResponseEntity org.springframework.boot.autoconfigure.web.BasicErrorController.error(javax.servlet.http.HttpServletRequest)={[/error]}, public org.springframework.web.servlet.ModelAndView org.springframework.boot.autoconfigure.web.BasicErrorController.errorHtml(javax.servlet.http.HttpServletRequest,javax.servlet.http.HttpServletResponse)={[/error],produces=[text/html]}}
2018-06-12 16:21:11.145  INFO 5296 --- [main] s.w.s.m.m.a.RequestMappingHandlerMapping : Mapped "{[/error]}" onto public org.springframework.http.ResponseEntity<java.util.Map<java.lang.String, java.lang.Object>> org.springframework.boot.autoconfigure.web.BasicErrorController.error(javax.servlet.http.HttpServletRequest)
2018-06-12 16:21:11.146  INFO 5296 --- [main] s.w.s.m.m.a.RequestMappingHandlerMapping : Mapped "{[/error],produces=[text/html]}" onto public org.springframework.web.servlet.ModelAndView org.springframework.boot.autoconfigure.web.BasicErrorController.errorHtml(javax.servlet.http.HttpServletRequest,javax.servlet.http.HttpServletResponse)
2018-06-12 16:21:11.178 DEBUG 5296 --- [main] o.s.w.s.h.BeanNameUrlHandlerMapping      : Looking for URL mappings in application context: org.springframework.web.context.support.GenericWebApplicationContext@7957dc72: startup date [Tue Jun 12 16:21:08 CST 2018]; parent: org.springframework.context.annotation.AnnotationConfigApplicationContext@238d68ff
2018-06-12 16:21:11.178 DEBUG 5296 --- [main] o.s.w.s.h.BeanNameUrlHandlerMapping      : Rejected bean name 'org.springframework.boot.test.mock.mockito.MockitoPostProcessor$SpyPostProcessor': no URL paths identified
2018-06-12 16:21:11.178 DEBUG 5296 --- [main] o.s.w.s.h.BeanNameUrlHandlerMapping      : Rejected bean name 'org.springframework.boot.test.mock.mockito.MockitoPostProcessor': no URL paths identified
2018-06-12 16:21:11.178 DEBUG 5296 --- [main] o.s.w.s.h.BeanNameUrlHandlerMapping      : Rejected bean name 'org.springframework.context.annotation.internalConfigurationAnnotationProcessor': no URL paths identified
2018-06-12 16:21:11.179 DEBUG 5296 --- [main] o.s.w.s.h.BeanNameUrlHandlerMapping      : Rejected bean name 'org.springframework.context.annotation.internalAutowiredAnnotationProcessor': no URL paths identified
2018-06-12 16:21:11.179 DEBUG 5296 --- [main] o.s.w.s.h.BeanNameUrlHandlerMapping      : Rejected bean name 'org.springframework.context.annotation.internalRequiredAnnotationProcessor': no URL paths identified
2018-06-12 16:21:11.179 DEBUG 5296 --- [main] o.s.w.s.h.BeanNameUrlHandlerMapping      : Rejected bean name 'org.springframework.context.annotation.internalCommonAnnotationProcessor': no URL paths identified
2018-06-12 16:21:11.179 DEBUG 5296 --- [main] o.s.w.s.h.BeanNameUrlHandlerMapping      : Rejected bean name 'org.springframework.context.event.internalEventListenerProcessor': no URL paths identified
2018-06-12 16:21:11.179 DEBUG 5296 --- [main] o.s.w.s.h.BeanNameUrlHandlerMapping      : Rejected bean name 'org.springframework.context.event.internalEventListenerFactory': no URL paths identified
2018-06-12 16:21:11.179 DEBUG 5296 --- [main] o.s.w.s.h.BeanNameUrlHandlerMapping      : Rejected bean name 'xdhtDiseaseShunfengApplication': no URL paths identified
2018-06-12 16:21:11.179 DEBUG 5296 --- [main] o.s.w.s.h.BeanNameUrlHandlerMapping      : Rejected bean name 'org.springframework.boot.autoconfigure.internalCachingMetadataReaderFactory': no URL paths identified
2018-06-12 16:21:11.180 DEBUG 5296 --- [main] o.s.w.s.h.BeanNameUrlHandlerMapping      : Rejected bean name 'org.springframework.boot.autoconfigure.AutoConfigurationPackages': no URL paths identified
2018-06-12 16:21:11.180 DEBUG 5296 --- [main] o.s.w.s.h.BeanNameUrlHandlerMapping      : Rejected bean name 'org.springframework.boot.autoconfigure.context.PropertyPlaceholderAutoConfiguration': no URL paths identified
2018-06-12 16:21:11.180 DEBUG 5296 --- [main] o.s.w.s.h.BeanNameUrlHandlerMapping      : Rejected bean name 'org.springframework.boot.autoconfigure.condition.BeanTypeRegistry': no URL paths identified
2018-06-12 16:21:11.180 DEBUG 5296 --- [main] o.s.w.s.h.BeanNameUrlHandlerMapping      : Rejected bean name 'propertySourcesPlaceholderConfigurer': no URL paths identified
2018-06-12 16:21:11.180 DEBUG 5296 --- [main] o.s.w.s.h.BeanNameUrlHandlerMapping      : Rejected bean name 'org.springframework.boot.autoconfigure.jackson.JacksonAutoConfiguration$Jackson2ObjectMapperBuilderCustomizerConfiguration': no URL paths identified
2018-06-12 16:21:11.181 DEBUG 5296 --- [main] o.s.w.s.h.BeanNameUrlHandlerMapping      : Rejected bean name 'standardJacksonObjectMapperBuilderCustomizer': no URL paths identified
2018-06-12 16:21:11.181 DEBUG 5296 --- [main] o.s.w.s.h.BeanNameUrlHandlerMapping      : Rejected bean name 'spring.jackson-org.springframework.boot.autoconfigure.jackson.JacksonProperties': no URL paths identified
2018-06-12 16:21:11.181 DEBUG 5296 --- [main] o.s.w.s.h.BeanNameUrlHandlerMapping      : Rejected bean name 'org.springframework.boot.context.properties.ConfigurationPropertiesBindingPostProcessor': no URL paths identified
2018-06-12 16:21:11.181 DEBUG 5296 --- [main] o.s.w.s.h.BeanNameUrlHandlerMapping      : Rejected bean name 'org.springframework.boot.context.properties.ConfigurationPropertiesBindingPostProcessor.store': no URL paths identified
2018-06-12 16:21:11.181 DEBUG 5296 --- [main] o.s.w.s.h.BeanNameUrlHandlerMapping      : Rejected bean name 'org.springframework.boot.autoconfigure.jackson.JacksonAutoConfiguration$JacksonObjectMapperBuilderConfiguration': no URL paths identified
2018-06-12 16:21:11.182 DEBUG 5296 --- [main] o.s.w.s.h.BeanNameUrlHandlerMapping      : Rejected bean name 'jacksonObjectMapperBuilder': no URL paths identified
2018-06-12 16:21:11.182 DEBUG 5296 --- [main] o.s.w.s.h.BeanNameUrlHandlerMapping      : Rejected bean name 'org.springframework.boot.autoconfigure.jackson.JacksonAutoConfiguration$JacksonObjectMapperConfiguration': no URL paths identified
2018-06-12 16:21:11.182 DEBUG 5296 --- [main] o.s.w.s.h.BeanNameUrlHandlerMapping      : Rejected bean name 'jacksonObjectMapper': no URL paths identified
2018-06-12 16:21:11.182 DEBUG 5296 --- [main] o.s.w.s.h.BeanNameUrlHandlerMapping      : Rejected bean name 'org.springframework.boot.autoconfigure.jackson.JacksonAutoConfiguration': no URL paths identified
2018-06-12 16:21:11.182 DEBUG 5296 --- [main] o.s.w.s.h.BeanNameUrlHandlerMapping      : Rejected bean name 'jsonComponentModule': no URL paths identified
2018-06-12 16:21:11.182 DEBUG 5296 --- [main] o.s.w.s.h.BeanNameUrlHandlerMapping      : Rejected bean name 'org.springframework.boot.autoconfigure.websocket.WebSocketAutoConfiguration$TomcatWebSocketConfiguration': no URL paths identified
2018-06-12 16:21:11.182 DEBUG 5296 --- [main] o.s.w.s.h.BeanNameUrlHandlerMapping      : Rejected bean name 'websocketContainerCustomizer': no URL paths identified
2018-06-12 16:21:11.182 DEBUG 5296 --- [main] o.s.w.s.h.BeanNameUrlHandlerMapping      : Rejected bean name 'org.springframework.boot.autoconfigure.websocket.WebSocketAutoConfiguration': no URL paths identified
2018-06-12 16:21:11.183 DEBUG 5296 --- [main] o.s.w.s.h.BeanNameUrlHandlerMapping      : Rejected bean name 'org.springframework.boot.autoconfigure.web.EmbeddedServletContainerAutoConfiguration$EmbeddedTomcat': no URL paths identified
2018-06-12 16:21:11.183 DEBUG 5296 --- [main] o.s.w.s.h.BeanNameUrlHandlerMapping      : Rejected bean name 'tomcatEmbeddedServletContainerFactory': no URL paths identified
2018-06-12 16:21:11.183 DEBUG 5296 --- [main] o.s.w.s.h.BeanNameUrlHandlerMapping      : Rejected bean name 'org.springframework.boot.autoconfigure.web.EmbeddedServletContainerAutoConfiguration': no URL paths identified
2018-06-12 16:21:11.183 DEBUG 5296 --- [main] o.s.w.s.h.BeanNameUrlHandlerMapping      : Rejected bean name 'embeddedServletContainerCustomizerBeanPostProcessor': no URL paths identified
2018-06-12 16:21:11.183 DEBUG 5296 --- [main] o.s.w.s.h.BeanNameUrlHandlerMapping      : Rejected bean name 'errorPageRegistrarBeanPostProcessor': no URL paths identified
2018-06-12 16:21:11.183 DEBUG 5296 --- [main] o.s.w.s.h.BeanNameUrlHandlerMapping      : Rejected bean name 'org.springframework.boot.autoconfigure.web.DispatcherServletAutoConfiguration$DispatcherServletConfiguration': no URL paths identified
2018-06-12 16:21:11.184 DEBUG 5296 --- [main] o.s.w.s.h.BeanNameUrlHandlerMapping      : Rejected bean name 'dispatcherServlet': no URL paths identified
2018-06-12 16:21:11.184 DEBUG 5296 --- [main] o.s.w.s.h.BeanNameUrlHandlerMapping      : Rejected bean name 'spring.mvc-org.springframework.boot.autoconfigure.web.WebMvcProperties': no URL paths identified
2018-06-12 16:21:11.184 DEBUG 5296 --- [main] o.s.w.s.h.BeanNameUrlHandlerMapping      : Rejected bean name 'org.springframework.boot.autoconfigure.web.DispatcherServletAutoConfiguration$DispatcherServletRegistrationConfiguration': no URL paths identified
2018-06-12 16:21:11.185 DEBUG 5296 --- [main] o.s.w.s.h.BeanNameUrlHandlerMapping      : Rejected bean name 'dispatcherServletRegistration': no URL paths identified
2018-06-12 16:21:11.185 DEBUG 5296 --- [main] o.s.w.s.h.BeanNameUrlHandlerMapping      : Rejected bean name 'org.springframework.boot.autoconfigure.web.DispatcherServletAutoConfiguration': no URL paths identified
2018-06-12 16:21:11.185 DEBUG 5296 --- [main] o.s.w.s.h.BeanNameUrlHandlerMapping      : Rejected bean name 'org.springframework.boot.autoconfigure.validation.ValidationAutoConfiguration': no URL paths identified
2018-06-12 16:21:11.185 DEBUG 5296 --- [main] o.s.w.s.h.BeanNameUrlHandlerMapping      : Rejected bean name 'defaultValidator': no URL paths identified
2018-06-12 16:21:11.185 DEBUG 5296 --- [main] o.s.w.s.h.BeanNameUrlHandlerMapping      : Rejected bean name 'methodValidationPostProcessor': no URL paths identified
2018-06-12 16:21:11.185 DEBUG 5296 --- [main] o.s.w.s.h.BeanNameUrlHandlerMapping      : Rejected bean name 'org.springframework.boot.autoconfigure.web.ErrorMvcAutoConfiguration$WhitelabelErrorViewConfiguration': no URL paths identified
2018-06-12 16:21:11.185 DEBUG 5296 --- [main] o.s.w.s.h.BeanNameUrlHandlerMapping      : Rejected bean name 'error': no URL paths identified
2018-06-12 16:21:11.185 DEBUG 5296 --- [main] o.s.w.s.h.BeanNameUrlHandlerMapping      : Rejected bean name 'beanNameViewResolver': no URL paths identified
2018-06-12 16:21:11.185 DEBUG 5296 --- [main] o.s.w.s.h.BeanNameUrlHandlerMapping      : Rejected bean name 'org.springframework.boot.autoconfigure.web.ErrorMvcAutoConfiguration$DefaultErrorViewResolverConfiguration': no URL paths identified
2018-06-12 16:21:11.186 DEBUG 5296 --- [main] o.s.w.s.h.BeanNameUrlHandlerMapping      : Rejected bean name 'conventionErrorViewResolver': no URL paths identified
2018-06-12 16:21:11.186 DEBUG 5296 --- [main] o.s.w.s.h.BeanNameUrlHandlerMapping      : Rejected bean name 'org.springframework.boot.autoconfigure.web.ErrorMvcAutoConfiguration': no URL paths identified
2018-06-12 16:21:11.186 DEBUG 5296 --- [main] o.s.w.s.h.BeanNameUrlHandlerMapping      : Rejected bean name 'errorAttributes': no URL paths identified
2018-06-12 16:21:11.186 DEBUG 5296 --- [main] o.s.w.s.h.BeanNameUrlHandlerMapping      : Rejected bean name 'basicErrorController': no URL paths identified
2018-06-12 16:21:11.186 DEBUG 5296 --- [main] o.s.w.s.h.BeanNameUrlHandlerMapping      : Rejected bean name 'errorPageCustomizer': no URL paths identified
2018-06-12 16:21:11.186 DEBUG 5296 --- [main] o.s.w.s.h.BeanNameUrlHandlerMapping      : Rejected bean name 'preserveErrorControllerTargetClassPostProcessor': no URL paths identified
2018-06-12 16:21:11.186 DEBUG 5296 --- [main] o.s.w.s.h.BeanNameUrlHandlerMapping      : Rejected bean name 'spring.resources-org.springframework.boot.autoconfigure.web.ResourceProperties': no URL paths identified
2018-06-12 16:21:11.186 DEBUG 5296 --- [main] o.s.w.s.h.BeanNameUrlHandlerMapping      : Rejected bean name 'org.springframework.boot.autoconfigure.web.WebMvcAutoConfiguration$EnableWebMvcConfiguration': no URL paths identified
2018-06-12 16:21:11.187 DEBUG 5296 --- [main] o.s.w.s.h.BeanNameUrlHandlerMapping      : Rejected bean name 'requestMappingHandlerAdapter': no URL paths identified
2018-06-12 16:21:11.187 DEBUG 5296 --- [main] o.s.w.s.h.BeanNameUrlHandlerMapping      : Rejected bean name 'requestMappingHandlerMapping': no URL paths identified
2018-06-12 16:21:11.187 DEBUG 5296 --- [main] o.s.w.s.h.BeanNameUrlHandlerMapping      : Rejected bean name 'mvcValidator': no URL paths identified
2018-06-12 16:21:11.187 DEBUG 5296 --- [main] o.s.w.s.h.BeanNameUrlHandlerMapping      : Rejected bean name 'mvcContentNegotiationManager': no URL paths identified
2018-06-12 16:21:11.187 DEBUG 5296 --- [main] o.s.w.s.h.BeanNameUrlHandlerMapping      : Rejected bean name 'mvcPathMatcher': no URL paths identified
2018-06-12 16:21:11.187 DEBUG 5296 --- [main] o.s.w.s.h.BeanNameUrlHandlerMapping      : Rejected bean name 'mvcUrlPathHelper': no URL paths identified
2018-06-12 16:21:11.187 DEBUG 5296 --- [main] o.s.w.s.h.BeanNameUrlHandlerMapping      : Rejected bean name 'viewControllerHandlerMapping': no URL paths identified
2018-06-12 16:21:11.188 DEBUG 5296 --- [main] o.s.w.s.h.BeanNameUrlHandlerMapping      : Rejected bean name 'beanNameHandlerMapping': no URL paths identified
2018-06-12 16:21:11.188 DEBUG 5296 --- [main] o.s.w.s.h.BeanNameUrlHandlerMapping      : Rejected bean name 'resourceHandlerMapping': no URL paths identified
2018-06-12 16:21:11.188 DEBUG 5296 --- [main] o.s.w.s.h.BeanNameUrlHandlerMapping      : Rejected bean name 'mvcResourceUrlProvider': no URL paths identified
2018-06-12 16:21:11.188 DEBUG 5296 --- [main] o.s.w.s.h.BeanNameUrlHandlerMapping      : Rejected bean name 'defaultServletHandlerMapping': no URL paths identified
2018-06-12 16:21:11.188 DEBUG 5296 --- [main] o.s.w.s.h.BeanNameUrlHandlerMapping      : Rejected bean name 'mvcConversionService': no URL paths identified
2018-06-12 16:21:11.188 DEBUG 5296 --- [main] o.s.w.s.h.BeanNameUrlHandlerMapping      : Rejected bean name 'mvcUriComponentsContributor': no URL paths identified
2018-06-12 16:21:11.188 DEBUG 5296 --- [main] o.s.w.s.h.BeanNameUrlHandlerMapping      : Rejected bean name 'httpRequestHandlerAdapter': no URL paths identified
2018-06-12 16:21:11.189 DEBUG 5296 --- [main] o.s.w.s.h.BeanNameUrlHandlerMapping      : Rejected bean name 'simpleControllerHandlerAdapter': no URL paths identified
2018-06-12 16:21:11.189 DEBUG 5296 --- [main] o.s.w.s.h.BeanNameUrlHandlerMapping      : Rejected bean name 'handlerExceptionResolver': no URL paths identified
2018-06-12 16:21:11.189 DEBUG 5296 --- [main] o.s.w.s.h.BeanNameUrlHandlerMapping      : Rejected bean name 'mvcViewResolver': no URL paths identified
2018-06-12 16:21:11.189 DEBUG 5296 --- [main] o.s.w.s.h.BeanNameUrlHandlerMapping      : Rejected bean name 'mvcHandlerMappingIntrospector': no URL paths identified
2018-06-12 16:21:11.189 DEBUG 5296 --- [main] o.s.w.s.h.BeanNameUrlHandlerMapping      : Rejected bean name 'org.springframework.boot.autoconfigure.web.WebMvcAutoConfiguration$WebMvcAutoConfigurationAdapter$FaviconConfiguration': no URL paths identified
2018-06-12 16:21:11.189 DEBUG 5296 --- [main] o.s.w.s.h.BeanNameUrlHandlerMapping      : Rejected bean name 'faviconHandlerMapping': no URL paths identified
2018-06-12 16:21:11.189 DEBUG 5296 --- [main] o.s.w.s.h.BeanNameUrlHandlerMapping      : Rejected bean name 'faviconRequestHandler': no URL paths identified
2018-06-12 16:21:11.189 DEBUG 5296 --- [main] o.s.w.s.h.BeanNameUrlHandlerMapping      : Rejected bean name 'org.springframework.boot.autoconfigure.web.WebMvcAutoConfiguration$WebMvcAutoConfigurationAdapter': no URL paths identified
2018-06-12 16:21:11.189 DEBUG 5296 --- [main] o.s.w.s.h.BeanNameUrlHandlerMapping      : Rejected bean name 'defaultViewResolver': no URL paths identified
2018-06-12 16:21:11.189 DEBUG 5296 --- [main] o.s.w.s.h.BeanNameUrlHandlerMapping      : Rejected bean name 'viewResolver': no URL paths identified
2018-06-12 16:21:11.190 DEBUG 5296 --- [main] o.s.w.s.h.BeanNameUrlHandlerMapping      : Rejected bean name 'welcomePageHandlerMapping': no URL paths identified
2018-06-12 16:21:11.190 DEBUG 5296 --- [main] o.s.w.s.h.BeanNameUrlHandlerMapping      : Rejected bean name 'requestContextFilter': no URL paths identified
2018-06-12 16:21:11.190 DEBUG 5296 --- [main] o.s.w.s.h.BeanNameUrlHandlerMapping      : Rejected bean name 'org.springframework.boot.autoconfigure.web.WebMvcAutoConfiguration': no URL paths identified
2018-06-12 16:21:11.190 DEBUG 5296 --- [main] o.s.w.s.h.BeanNameUrlHandlerMapping      : Rejected bean name 'hiddenHttpMethodFilter': no URL paths identified
2018-06-12 16:21:11.190 DEBUG 5296 --- [main] o.s.w.s.h.BeanNameUrlHandlerMapping      : Rejected bean name 'httpPutFormContentFilter': no URL paths identified
2018-06-12 16:21:11.190 DEBUG 5296 --- [main] o.s.w.s.h.BeanNameUrlHandlerMapping      : Rejected bean name 'org.springframework.cloud.autoconfigure.RefreshAutoConfiguration$RefreshScopeConfiguration': no URL paths identified
2018-06-12 16:21:11.190 DEBUG 5296 --- [main] o.s.w.s.h.BeanNameUrlHandlerMapping      : Rejected bean name 'org.springframework.cloud.autoconfigure.RefreshAutoConfiguration': no URL paths identified
2018-06-12 16:21:11.190 DEBUG 5296 --- [main] o.s.w.s.h.BeanNameUrlHandlerMapping      : Rejected bean name 'loggingRebinder': no URL paths identified
2018-06-12 16:21:11.190 DEBUG 5296 --- [main] o.s.w.s.h.BeanNameUrlHandlerMapping      : Rejected bean name 'environmentManager': no URL paths identified
2018-06-12 16:21:11.191 DEBUG 5296 --- [main] o.s.w.s.h.BeanNameUrlHandlerMapping      : Rejected bean name 'contextRefresher': no URL paths identified
2018-06-12 16:21:11.191 DEBUG 5296 --- [main] o.s.w.s.h.BeanNameUrlHandlerMapping      : Rejected bean name 'refreshEventListener': no URL paths identified
2018-06-12 16:21:11.191 DEBUG 5296 --- [main] o.s.w.s.h.BeanNameUrlHandlerMapping      : Rejected bean name 'org.springframework.cloud.client.CommonsClientAutoConfiguration': no URL paths identified
2018-06-12 16:21:11.191 DEBUG 5296 --- [main] o.s.w.s.h.BeanNameUrlHandlerMapping      : Rejected bean name 'org.springframework.cloud.commons.util.UtilAutoConfiguration': no URL paths identified
2018-06-12 16:21:11.191 DEBUG 5296 --- [main] o.s.w.s.h.BeanNameUrlHandlerMapping      : Rejected bean name 'inetUtilsProperties': no URL paths identified
2018-06-12 16:21:11.191 DEBUG 5296 --- [main] o.s.w.s.h.BeanNameUrlHandlerMapping      : Rejected bean name 'inetUtils': no URL paths identified
2018-06-12 16:21:11.191 DEBUG 5296 --- [main] o.s.w.s.h.BeanNameUrlHandlerMapping      : Rejected bean name 'com.alibaba.druid.spring.boot.autoconfigure.stat.DruidStatViewServletConfiguration': no URL paths identified
2018-06-12 16:21:11.191 DEBUG 5296 --- [main] o.s.w.s.h.BeanNameUrlHandlerMapping      : Rejected bean name 'servletRegistrationBean': no URL paths identified
2018-06-12 16:21:11.191 DEBUG 5296 --- [main] o.s.w.s.h.BeanNameUrlHandlerMapping      : Rejected bean name 'com.alibaba.druid.spring.boot.autoconfigure.stat.DruidWebStatFilterConfiguration': no URL paths identified
2018-06-12 16:21:11.191 DEBUG 5296 --- [main] o.s.w.s.h.BeanNameUrlHandlerMapping      : Rejected bean name 'filterRegistrationBean': no URL paths identified
2018-06-12 16:21:11.192 DEBUG 5296 --- [main] o.s.w.s.h.BeanNameUrlHandlerMapping      : Rejected bean name 'com.alibaba.druid.spring.boot.autoconfigure.stat.DruidFilterConfiguration': no URL paths identified
2018-06-12 16:21:11.192 DEBUG 5296 --- [main] o.s.w.s.h.BeanNameUrlHandlerMapping      : Rejected bean name 'statFilter': no URL paths identified
2018-06-12 16:21:11.193 DEBUG 5296 --- [main] o.s.w.s.h.BeanNameUrlHandlerMapping      : Rejected bean name 'com.alibaba.druid.spring.boot.autoconfigure.DruidDataSourceAutoConfigure': no URL paths identified
2018-06-12 16:21:11.193 DEBUG 5296 --- [main] o.s.w.s.h.BeanNameUrlHandlerMapping      : Rejected bean name 'dataSource': no URL paths identified
2018-06-12 16:21:11.193 DEBUG 5296 --- [main] o.s.w.s.h.BeanNameUrlHandlerMapping      : Rejected bean name 'druidDataSourcePoolMetadataProvider': no URL paths identified
2018-06-12 16:21:11.193 DEBUG 5296 --- [main] o.s.w.s.h.BeanNameUrlHandlerMapping      : Rejected bean name 'spring.datasource.druid-com.alibaba.druid.spring.boot.autoconfigure.properties.DruidStatProperties': no URL paths identified
2018-06-12 16:21:11.194 DEBUG 5296 --- [main] o.s.w.s.h.BeanNameUrlHandlerMapping      : Rejected bean name 'spring.datasource-org.springframework.boot.autoconfigure.jdbc.DataSourceProperties': no URL paths identified
2018-06-12 16:21:11.194 DEBUG 5296 --- [main] o.s.w.s.h.BeanNameUrlHandlerMapping      : Rejected bean name 'org.springframework.boot.autoconfigure.jdbc.metadata.DataSourcePoolMetadataProvidersConfiguration$TomcatDataSourcePoolMetadataProviderConfiguration': no URL paths identified
2018-06-12 16:21:11.194 DEBUG 5296 --- [main] o.s.w.s.h.BeanNameUrlHandlerMapping      : Rejected bean name 'tomcatPoolDataSourceMetadataProvider': no URL paths identified
2018-06-12 16:21:11.194 DEBUG 5296 --- [main] o.s.w.s.h.BeanNameUrlHandlerMapping      : Rejected bean name 'org.springframework.boot.autoconfigure.jdbc.metadata.DataSourcePoolMetadataProvidersConfiguration': no URL paths identified
2018-06-12 16:21:11.194 DEBUG 5296 --- [main] o.s.w.s.h.BeanNameUrlHandlerMapping      : Rejected bean name 'org.springframework.boot.autoconfigure.jdbc.DataSourceAutoConfiguration': no URL paths identified
2018-06-12 16:21:11.194 DEBUG 5296 --- [main] o.s.w.s.h.BeanNameUrlHandlerMapping      : Rejected bean name 'dataSourceInitializer': no URL paths identified
2018-06-12 16:21:11.194 DEBUG 5296 --- [main] o.s.w.s.h.BeanNameUrlHandlerMapping      : Rejected bean name 'dataSourceInitializerPostProcessor': no URL paths identified
2018-06-12 16:21:11.194 DEBUG 5296 --- [main] o.s.w.s.h.BeanNameUrlHandlerMapping      : Rejected bean name 'org.mybatis.spring.boot.autoconfigure.MybatisAutoConfiguration$MapperScannerRegistrarNotFoundConfiguration': no URL paths identified
2018-06-12 16:21:11.194 DEBUG 5296 --- [main] o.s.w.s.h.BeanNameUrlHandlerMapping      : Rejected bean name 'org.mybatis.spring.boot.autoconfigure.MybatisAutoConfiguration': no URL paths identified
2018-06-12 16:21:11.194 DEBUG 5296 --- [main] o.s.w.s.h.BeanNameUrlHandlerMapping      : Rejected bean name 'sqlSessionFactory': no URL paths identified
2018-06-12 16:21:11.195 DEBUG 5296 --- [main] o.s.w.s.h.BeanNameUrlHandlerMapping      : Rejected bean name 'sqlSessionTemplate': no URL paths identified
2018-06-12 16:21:11.195 DEBUG 5296 --- [main] o.s.w.s.h.BeanNameUrlHandlerMapping      : Rejected bean name 'mybatis-org.mybatis.spring.boot.autoconfigure.MybatisProperties': no URL paths identified
2018-06-12 16:21:11.195 DEBUG 5296 --- [main] o.s.w.s.h.BeanNameUrlHandlerMapping      : Rejected bean name 'org.springframework.boot.autoconfigure.aop.AopAutoConfiguration$CglibAutoProxyConfiguration': no URL paths identified
2018-06-12 16:21:11.195 DEBUG 5296 --- [main] o.s.w.s.h.BeanNameUrlHandlerMapping      : Rejected bean name 'org.springframework.aop.config.internalAutoProxyCreator': no URL paths identified
2018-06-12 16:21:11.195 DEBUG 5296 --- [main] o.s.w.s.h.BeanNameUrlHandlerMapping      : Rejected bean name 'org.springframework.boot.autoconfigure.aop.AopAutoConfiguration': no URL paths identified
2018-06-12 16:21:11.195 DEBUG 5296 --- [main] o.s.w.s.h.BeanNameUrlHandlerMapping      : Rejected bean name 'org.springframework.boot.autoconfigure.data.redis.RedisAutoConfiguration$RedisConfiguration': no URL paths identified
2018-06-12 16:21:11.195 DEBUG 5296 --- [main] o.s.w.s.h.BeanNameUrlHandlerMapping      : Rejected bean name 'redisTemplate': no URL paths identified
2018-06-12 16:21:11.195 DEBUG 5296 --- [main] o.s.w.s.h.BeanNameUrlHandlerMapping      : Rejected bean name 'stringRedisTemplate': no URL paths identified
2018-06-12 16:21:11.196 DEBUG 5296 --- [main] o.s.w.s.h.BeanNameUrlHandlerMapping      : Rejected bean name 'org.springframework.boot.autoconfigure.data.redis.RedisAutoConfiguration$RedisConnectionConfiguration': no URL paths identified
2018-06-12 16:21:11.197 DEBUG 5296 --- [main] o.s.w.s.h.BeanNameUrlHandlerMapping      : Rejected bean name 'redisConnectionFactory': no URL paths identified
2018-06-12 16:21:11.197 DEBUG 5296 --- [main] o.s.w.s.h.BeanNameUrlHandlerMapping      : Rejected bean name 'org.springframework.boot.autoconfigure.data.redis.RedisAutoConfiguration': no URL paths identified
2018-06-12 16:21:11.197 DEBUG 5296 --- [main] o.s.w.s.h.BeanNameUrlHandlerMapping      : Rejected bean name 'spring.redis-org.springframework.boot.autoconfigure.data.redis.RedisProperties': no URL paths identified
2018-06-12 16:21:11.197 DEBUG 5296 --- [main] o.s.w.s.h.BeanNameUrlHandlerMapping      : Rejected bean name 'org.springframework.boot.autoconfigure.context.ConfigurationPropertiesAutoConfiguration': no URL paths identified
2018-06-12 16:21:11.197 DEBUG 5296 --- [main] o.s.w.s.h.BeanNameUrlHandlerMapping      : Rejected bean name 'org.springframework.boot.autoconfigure.dao.PersistenceExceptionTranslationAutoConfiguration': no URL paths identified
2018-06-12 16:21:11.197 DEBUG 5296 --- [main] o.s.w.s.h.BeanNameUrlHandlerMapping      : Rejected bean name 'persistenceExceptionTranslationPostProcessor': no URL paths identified
2018-06-12 16:21:11.197 DEBUG 5296 --- [main] o.s.w.s.h.BeanNameUrlHandlerMapping      : Rejected bean name 'org.springframework.boot.autoconfigure.data.redis.RedisRepositoriesAutoConfiguration': no URL paths identified
2018-06-12 16:21:11.197 DEBUG 5296 --- [main] o.s.w.s.h.BeanNameUrlHandlerMapping      : Rejected bean name 'keyValueMappingContext': no URL paths identified
2018-06-12 16:21:11.198 DEBUG 5296 --- [main] o.s.w.s.h.BeanNameUrlHandlerMapping      : Rejected bean name 'redisCustomConversions': no URL paths identified
2018-06-12 16:21:11.198 DEBUG 5296 --- [main] o.s.w.s.h.BeanNameUrlHandlerMapping      : Rejected bean name 'redisReferenceResolver': no URL paths identified
2018-06-12 16:21:11.198 DEBUG 5296 --- [main] o.s.w.s.h.BeanNameUrlHandlerMapping      : Rejected bean name 'redisConverter': no URL paths identified
2018-06-12 16:21:11.198 DEBUG 5296 --- [main] o.s.w.s.h.BeanNameUrlHandlerMapping      : Rejected bean name 'redisKeyValueAdapter': no URL paths identified
2018-06-12 16:21:11.198 DEBUG 5296 --- [main] o.s.w.s.h.BeanNameUrlHandlerMapping      : Rejected bean name 'redisKeyValueTemplate': no URL paths identified
2018-06-12 16:21:11.198 DEBUG 5296 --- [main] o.s.w.s.h.BeanNameUrlHandlerMapping      : Rejected bean name 'org.springframework.boot.autoconfigure.gson.GsonAutoConfiguration': no URL paths identified
2018-06-12 16:21:11.199 DEBUG 5296 --- [main] o.s.w.s.h.BeanNameUrlHandlerMapping      : Rejected bean name 'gson': no URL paths identified
2018-06-12 16:21:11.199 DEBUG 5296 --- [main] o.s.w.s.h.BeanNameUrlHandlerMapping      : Rejected bean name 'org.springframework.boot.autoconfigure.web.HttpMessageConvertersAutoConfiguration$StringHttpMessageConverterConfiguration': no URL paths identified
2018-06-12 16:21:11.199 DEBUG 5296 --- [main] o.s.w.s.h.BeanNameUrlHandlerMapping      : Rejected bean name 'stringHttpMessageConverter': no URL paths identified
2018-06-12 16:21:11.199 DEBUG 5296 --- [main] o.s.w.s.h.BeanNameUrlHandlerMapping      : Rejected bean name 'spring.http.encoding-org.springframework.boot.autoconfigure.web.HttpEncodingProperties': no URL paths identified
2018-06-12 16:21:11.199 DEBUG 5296 --- [main] o.s.w.s.h.BeanNameUrlHandlerMapping      : Rejected bean name 'org.springframework.boot.autoconfigure.web.JacksonHttpMessageConvertersConfiguration$MappingJackson2HttpMessageConverterConfiguration': no URL paths identified
2018-06-12 16:21:11.201 DEBUG 5296 --- [main] o.s.w.s.h.BeanNameUrlHandlerMapping      : Rejected bean name 'mappingJackson2HttpMessageConverter': no URL paths identified
2018-06-12 16:21:11.201 DEBUG 5296 --- [main] o.s.w.s.h.BeanNameUrlHandlerMapping      : Rejected bean name 'org.springframework.boot.autoconfigure.web.JacksonHttpMessageConvertersConfiguration': no URL paths identified
2018-06-12 16:21:11.201 DEBUG 5296 --- [main] o.s.w.s.h.BeanNameUrlHandlerMapping      : Rejected bean name 'org.springframework.boot.autoconfigure.web.GsonHttpMessageConvertersConfiguration': no URL paths identified
2018-06-12 16:21:11.201 DEBUG 5296 --- [main] o.s.w.s.h.BeanNameUrlHandlerMapping      : Rejected bean name 'org.springframework.boot.autoconfigure.web.HttpMessageConvertersAutoConfiguration': no URL paths identified
2018-06-12 16:21:11.201 DEBUG 5296 --- [main] o.s.w.s.h.BeanNameUrlHandlerMapping      : Rejected bean name 'messageConverters': no URL paths identified
2018-06-12 16:21:11.201 DEBUG 5296 --- [main] o.s.w.s.h.BeanNameUrlHandlerMapping      : Rejected bean name 'org.springframework.data.web.config.SpringDataWebConfiguration': no URL paths identified
2018-06-12 16:21:11.201 DEBUG 5296 --- [main] o.s.w.s.h.BeanNameUrlHandlerMapping      : Rejected bean name 'pageableResolver': no URL paths identified
2018-06-12 16:21:11.201 DEBUG 5296 --- [main] o.s.w.s.h.BeanNameUrlHandlerMapping      : Rejected bean name 'sortResolver': no URL paths identified
2018-06-12 16:21:11.201 DEBUG 5296 --- [main] o.s.w.s.h.BeanNameUrlHandlerMapping      : Rejected bean name 'org.springframework.data.web.config.SpringDataJacksonConfiguration': no URL paths identified
2018-06-12 16:21:11.201 DEBUG 5296 --- [main] o.s.w.s.h.BeanNameUrlHandlerMapping      : Rejected bean name 'jacksonGeoModule': no URL paths identified
2018-06-12 16:21:11.202 DEBUG 5296 --- [main] o.s.w.s.h.BeanNameUrlHandlerMapping      : Rejected bean name 'org.springframework.boot.autoconfigure.data.web.SpringDataWebAutoConfiguration': no URL paths identified
2018-06-12 16:21:11.202 DEBUG 5296 --- [main] o.s.w.s.h.BeanNameUrlHandlerMapping      : Rejected bean name 'org.springframework.boot.autoconfigure.info.ProjectInfoAutoConfiguration': no URL paths identified
2018-06-12 16:21:11.202 DEBUG 5296 --- [main] o.s.w.s.h.BeanNameUrlHandlerMapping      : Rejected bean name 'spring.info-org.springframework.boot.autoconfigure.info.ProjectInfoProperties': no URL paths identified
2018-06-12 16:21:11.202 DEBUG 5296 --- [main] o.s.w.s.h.BeanNameUrlHandlerMapping      : Rejected bean name 'org.springframework.boot.autoconfigure.jdbc.DataSourceTransactionManagerAutoConfiguration$DataSourceTransactionManagerConfiguration': no URL paths identified
2018-06-12 16:21:11.202 DEBUG 5296 --- [main] o.s.w.s.h.BeanNameUrlHandlerMapping      : Rejected bean name 'transactionManager': no URL paths identified
2018-06-12 16:21:11.202 DEBUG 5296 --- [main] o.s.w.s.h.BeanNameUrlHandlerMapping      : Rejected bean name 'org.springframework.boot.autoconfigure.jdbc.DataSourceTransactionManagerAutoConfiguration': no URL paths identified
2018-06-12 16:21:11.202 DEBUG 5296 --- [main] o.s.w.s.h.BeanNameUrlHandlerMapping      : Rejected bean name 'org.springframework.boot.autoconfigure.jdbc.JdbcTemplateAutoConfiguration': no URL paths identified
2018-06-12 16:21:11.202 DEBUG 5296 --- [main] o.s.w.s.h.BeanNameUrlHandlerMapping      : Rejected bean name 'jdbcTemplate': no URL paths identified
2018-06-12 16:21:11.202 DEBUG 5296 --- [main] o.s.w.s.h.BeanNameUrlHandlerMapping      : Rejected bean name 'namedParameterJdbcTemplate': no URL paths identified
2018-06-12 16:21:11.202 DEBUG 5296 --- [main] o.s.w.s.h.BeanNameUrlHandlerMapping      : Rejected bean name 'org.springframework.transaction.annotation.ProxyTransactionManagementConfiguration': no URL paths identified
2018-06-12 16:21:11.202 DEBUG 5296 --- [main] o.s.w.s.h.BeanNameUrlHandlerMapping      : Rejected bean name 'org.springframework.transaction.config.internalTransactionAdvisor': no URL paths identified
2018-06-12 16:21:11.202 DEBUG 5296 --- [main] o.s.w.s.h.BeanNameUrlHandlerMapping      : Rejected bean name 'transactionAttributeSource': no URL paths identified
2018-06-12 16:21:11.203 DEBUG 5296 --- [main] o.s.w.s.h.BeanNameUrlHandlerMapping      : Rejected bean name 'transactionInterceptor': no URL paths identified
2018-06-12 16:21:11.203 DEBUG 5296 --- [main] o.s.w.s.h.BeanNameUrlHandlerMapping      : Rejected bean name 'org.springframework.transaction.config.internalTransactionalEventListenerFactory': no URL paths identified
2018-06-12 16:21:11.203 DEBUG 5296 --- [main] o.s.w.s.h.BeanNameUrlHandlerMapping      : Rejected bean name 'org.springframework.boot.autoconfigure.transaction.TransactionAutoConfiguration$EnableTransactionManagementConfiguration$CglibAutoProxyConfiguration': no URL paths identified
2018-06-12 16:21:11.203 DEBUG 5296 --- [main] o.s.w.s.h.BeanNameUrlHandlerMapping      : Rejected bean name 'org.springframework.boot.autoconfigure.transaction.TransactionAutoConfiguration$EnableTransactionManagementConfiguration': no URL paths identified
2018-06-12 16:21:11.204 DEBUG 5296 --- [main] o.s.w.s.h.BeanNameUrlHandlerMapping      : Rejected bean name 'org.springframework.boot.autoconfigure.transaction.TransactionAutoConfiguration$TransactionTemplateConfiguration': no URL paths identified
2018-06-12 16:21:11.204 DEBUG 5296 --- [main] o.s.w.s.h.BeanNameUrlHandlerMapping      : Rejected bean name 'transactionTemplate': no URL paths identified
2018-06-12 16:21:11.204 DEBUG 5296 --- [main] o.s.w.s.h.BeanNameUrlHandlerMapping      : Rejected bean name 'org.springframework.boot.autoconfigure.transaction.TransactionAutoConfiguration': no URL paths identified
2018-06-12 16:21:11.204 DEBUG 5296 --- [main] o.s.w.s.h.BeanNameUrlHandlerMapping      : Rejected bean name 'platformTransactionManagerCustomizers': no URL paths identified
2018-06-12 16:21:11.204 DEBUG 5296 --- [main] o.s.w.s.h.BeanNameUrlHandlerMapping      : Rejected bean name 'spring.transaction-org.springframework.boot.autoconfigure.transaction.TransactionProperties': no URL paths identified
2018-06-12 16:21:11.204 DEBUG 5296 --- [main] o.s.w.s.h.BeanNameUrlHandlerMapping      : Rejected bean name 'org.springframework.boot.autoconfigure.web.HttpEncodingAutoConfiguration': no URL paths identified
2018-06-12 16:21:11.204 DEBUG 5296 --- [main] o.s.w.s.h.BeanNameUrlHandlerMapping      : Rejected bean name 'characterEncodingFilter': no URL paths identified
2018-06-12 16:21:11.204 DEBUG 5296 --- [main] o.s.w.s.h.BeanNameUrlHandlerMapping      : Rejected bean name 'localeCharsetMappingsCustomizer': no URL paths identified
2018-06-12 16:21:11.204 DEBUG 5296 --- [main] o.s.w.s.h.BeanNameUrlHandlerMapping      : Rejected bean name 'org.springframework.boot.autoconfigure.web.MultipartAutoConfiguration': no URL paths identified
2018-06-12 16:21:11.204 DEBUG 5296 --- [main] o.s.w.s.h.BeanNameUrlHandlerMapping      : Rejected bean name 'multipartConfigElement': no URL paths identified
2018-06-12 16:21:11.204 DEBUG 5296 --- [main] o.s.w.s.h.BeanNameUrlHandlerMapping      : Rejected bean name 'multipartResolver': no URL paths identified
2018-06-12 16:21:11.205 DEBUG 5296 --- [main] o.s.w.s.h.BeanNameUrlHandlerMapping      : Rejected bean name 'spring.http.multipart-org.springframework.boot.autoconfigure.web.MultipartProperties': no URL paths identified
2018-06-12 16:21:11.205 DEBUG 5296 --- [main] o.s.w.s.h.BeanNameUrlHandlerMapping      : Rejected bean name 'org.springframework.boot.autoconfigure.web.ServerPropertiesAutoConfiguration': no URL paths identified
2018-06-12 16:21:11.205 DEBUG 5296 --- [main] o.s.w.s.h.BeanNameUrlHandlerMapping      : Rejected bean name 'serverProperties': no URL paths identified
2018-06-12 16:21:11.205 DEBUG 5296 --- [main] o.s.w.s.h.BeanNameUrlHandlerMapping      : Rejected bean name 'duplicateServerPropertiesDetector': no URL paths identified
2018-06-12 16:21:11.205 DEBUG 5296 --- [main] o.s.w.s.h.BeanNameUrlHandlerMapping      : Rejected bean name 'org.springframework.boot.autoconfigure.web.WebClientAutoConfiguration$RestTemplateConfiguration': no URL paths identified
2018-06-12 16:21:11.205 DEBUG 5296 --- [main] o.s.w.s.h.BeanNameUrlHandlerMapping      : Rejected bean name 'restTemplateBuilder': no URL paths identified
2018-06-12 16:21:11.207 DEBUG 5296 --- [main] o.s.w.s.h.BeanNameUrlHandlerMapping      : Rejected bean name 'org.springframework.boot.autoconfigure.web.WebClientAutoConfiguration': no URL paths identified
2018-06-12 16:21:11.208 DEBUG 5296 --- [main] o.s.w.s.h.BeanNameUrlHandlerMapping      : Rejected bean name 'org.springframework.boot.starter.redis.RedisStarterDeprecationWarningAutoConfiguration': no URL paths identified
2018-06-12 16:21:11.209 DEBUG 5296 --- [main] o.s.w.s.h.BeanNameUrlHandlerMapping      : Rejected bean name 'org.springframework.cloud.autoconfigure.ConfigurationPropertiesRebinderAutoConfiguration': no URL paths identified
2018-06-12 16:21:11.209 DEBUG 5296 --- [main] o.s.w.s.h.BeanNameUrlHandlerMapping      : Rejected bean name 'configurationPropertiesBeans': no URL paths identified
2018-06-12 16:21:11.209 DEBUG 5296 --- [main] o.s.w.s.h.BeanNameUrlHandlerMapping      : Rejected bean name 'configurationPropertiesRebinder': no URL paths identified
2018-06-12 16:21:11.209 DEBUG 5296 --- [main] o.s.w.s.h.BeanNameUrlHandlerMapping      : Rejected bean name 'org.springframework.cloud.client.discovery.simple.SimpleDiscoveryClientAutoConfiguration': no URL paths identified
2018-06-12 16:21:11.209 DEBUG 5296 --- [main] o.s.w.s.h.BeanNameUrlHandlerMapping      : Rejected bean name 'simpleDiscoveryClient': no URL paths identified
2018-06-12 16:21:11.209 DEBUG 5296 --- [main] o.s.w.s.h.BeanNameUrlHandlerMapping      : Rejected bean name 'spring.cloud.discovery.client.simple-org.springframework.cloud.client.discovery.simple.SimpleDiscoveryProperties': no URL paths identified
2018-06-12 16:21:11.209 DEBUG 5296 --- [main] o.s.w.s.h.BeanNameUrlHandlerMapping      : Rejected bean name 'org.springframework.cloud.netflix.ribbon.RibbonAutoConfiguration': no URL paths identified
2018-06-12 16:21:11.209 DEBUG 5296 --- [main] o.s.w.s.h.BeanNameUrlHandlerMapping      : Rejected bean name 'ribbonFeature': no URL paths identified
2018-06-12 16:21:11.209 DEBUG 5296 --- [main] o.s.w.s.h.BeanNameUrlHandlerMapping      : Rejected bean name 'springClientFactory': no URL paths identified
2018-06-12 16:21:11.210 DEBUG 5296 --- [main] o.s.w.s.h.BeanNameUrlHandlerMapping      : Rejected bean name 'loadBalancerClient': no URL paths identified
2018-06-12 16:21:11.210 DEBUG 5296 --- [main] o.s.w.s.h.BeanNameUrlHandlerMapping      : Rejected bean name 'neverRetryPolicyFactory': no URL paths identified
2018-06-12 16:21:11.210 DEBUG 5296 --- [main] o.s.w.s.h.BeanNameUrlHandlerMapping      : Rejected bean name 'propertiesFactory': no URL paths identified
2018-06-12 16:21:11.210 DEBUG 5296 --- [main] o.s.w.s.h.BeanNameUrlHandlerMapping      : Rejected bean name 'default.org.springframework.cloud.netflix.ribbon.RibbonAutoConfiguration.RibbonClientSpecification': no URL paths identified
2018-06-12 16:21:11.210 DEBUG 5296 --- [main] o.s.w.s.h.BeanNameUrlHandlerMapping      : Rejected bean name 'ribbon.eager-load-org.springframework.cloud.netflix.ribbon.RibbonEagerLoadProperties': no URL paths identified
2018-06-12 16:21:11.210 DEBUG 5296 --- [main] o.s.w.s.h.BeanNameUrlHandlerMapping      : Rejected bean name 'org.springframework.cloud.client.loadbalancer.AsyncLoadBalancerAutoConfiguration$LoadBalancerInterceptorConfig': no URL paths identified
2018-06-12 16:21:11.210 DEBUG 5296 --- [main] o.s.w.s.h.BeanNameUrlHandlerMapping      : Rejected bean name 'asyncLoadBalancerInterceptor': no URL paths identified
2018-06-12 16:21:11.210 DEBUG 5296 --- [main] o.s.w.s.h.BeanNameUrlHandlerMapping      : Rejected bean name 'asyncRestTemplateCustomizer': no URL paths identified
2018-06-12 16:21:11.210 DEBUG 5296 --- [main] o.s.w.s.h.BeanNameUrlHandlerMapping      : Rejected bean name 'org.springframework.cloud.client.loadbalancer.AsyncLoadBalancerAutoConfiguration$AsyncRestTemplateCustomizerConfig': no URL paths identified
2018-06-12 16:21:11.210 DEBUG 5296 --- [main] o.s.w.s.h.BeanNameUrlHandlerMapping      : Rejected bean name 'loadBalancedAsyncRestTemplateInitializer': no URL paths identified
2018-06-12 16:21:11.210 DEBUG 5296 --- [main] o.s.w.s.h.BeanNameUrlHandlerMapping      : Rejected bean name 'org.springframework.cloud.client.loadbalancer.AsyncLoadBalancerAutoConfiguration': no URL paths identified
2018-06-12 16:21:11.210 DEBUG 5296 --- [main] o.s.w.s.h.BeanNameUrlHandlerMapping      : Rejected bean name 'org.springframework.cloud.client.loadbalancer.LoadBalancerAutoConfiguration$LoadBalancerInterceptorConfig': no URL paths identified
2018-06-12 16:21:11.210 DEBUG 5296 --- [main] o.s.w.s.h.BeanNameUrlHandlerMapping      : Rejected bean name 'ribbonInterceptor': no URL paths identified
2018-06-12 16:21:11.211 DEBUG 5296 --- [main] o.s.w.s.h.BeanNameUrlHandlerMapping      : Rejected bean name 'restTemplateCustomizer': no URL paths identified
2018-06-12 16:21:11.211 DEBUG 5296 --- [main] o.s.w.s.h.BeanNameUrlHandlerMapping      : Rejected bean name 'org.springframework.cloud.client.loadbalancer.LoadBalancerAutoConfiguration': no URL paths identified
2018-06-12 16:21:11.211 DEBUG 5296 --- [main] o.s.w.s.h.BeanNameUrlHandlerMapping      : Rejected bean name 'loadBalancedRestTemplateInitializer': no URL paths identified
2018-06-12 16:21:11.211 DEBUG 5296 --- [main] o.s.w.s.h.BeanNameUrlHandlerMapping      : Rejected bean name 'loadBalancerRequestFactory': no URL paths identified
2018-06-12 16:21:11.211 DEBUG 5296 --- [main] o.s.w.s.h.BeanNameUrlHandlerMapping      : Rejected bean name 'spring.cloud.loadbalancer.retry-org.springframework.cloud.client.loadbalancer.LoadBalancerRetryProperties': no URL paths identified
2018-06-12 16:21:11.211 DEBUG 5296 --- [main] o.s.w.s.h.BeanNameUrlHandlerMapping      : Rejected bean name 'org.springframework.cloud.client.serviceregistry.ServiceRegistryAutoConfiguration': no URL paths identified
2018-06-12 16:21:11.211 DEBUG 5296 --- [main] o.s.w.s.h.BeanNameUrlHandlerMapping      : Rejected bean name 'org.springframework.cloud.netflix.archaius.ArchaiusAutoConfiguration$PropagateEventsConfiguration': no URL paths identified
2018-06-12 16:21:11.211 DEBUG 5296 --- [main] o.s.w.s.h.BeanNameUrlHandlerMapping      : Rejected bean name 'org.springframework.cloud.netflix.archaius.ArchaiusAutoConfiguration': no URL paths identified
2018-06-12 16:21:11.211 DEBUG 5296 --- [main] o.s.w.s.h.BeanNameUrlHandlerMapping      : Rejected bean name 'configurableEnvironmentConfiguration': no URL paths identified
2018-06-12 16:21:11.211 DEBUG 5296 --- [main] o.s.w.s.h.BeanNameUrlHandlerMapping      : Rejected bean name 'org.springframework.cloud.netflix.rx.RxJavaAutoConfiguration$RxJavaReturnValueHandlerConfig': no URL paths identified
2018-06-12 16:21:11.211 DEBUG 5296 --- [main] o.s.w.s.h.BeanNameUrlHandlerMapping      : Rejected bean name 'singleReturnValueHandler': no URL paths identified
2018-06-12 16:21:11.211 DEBUG 5296 --- [main] o.s.w.s.h.BeanNameUrlHandlerMapping      : Rejected bean name 'observableMVCConfiguration': no URL paths identified
2018-06-12 16:21:11.211 DEBUG 5296 --- [main] o.s.w.s.h.BeanNameUrlHandlerMapping      : Rejected bean name 'rxFeature': no URL paths identified
2018-06-12 16:21:11.212 DEBUG 5296 --- [main] o.s.w.s.h.BeanNameUrlHandlerMapping      : Rejected bean name 'org.springframework.cloud.netflix.rx.RxJavaAutoConfiguration': no URL paths identified
2018-06-12 16:21:11.212 DEBUG 5296 --- [main] o.s.w.s.h.BeanNameUrlHandlerMapping      : Rejected bean name 'refreshScope': no URL paths identified
2018-06-12 16:21:11.212 DEBUG 5296 --- [main] o.s.w.s.h.BeanNameUrlHandlerMapping      : Rejected bean name 'autoConfigurationReport': no URL paths identified
2018-06-12 16:21:11.212 DEBUG 5296 --- [main] o.s.w.s.h.BeanNameUrlHandlerMapping      : Rejected bean name 'org.springframework.boot.test.context.filter.TestTypeExcludeFilter': no URL paths identified
2018-06-12 16:21:11.212 DEBUG 5296 --- [main] o.s.w.s.h.BeanNameUrlHandlerMapping      : Rejected bean name 'org.springframework.boot.test.autoconfigure.properties.PropertyMappingContextCustomizer$PropertyMappingCheckBeanPostProcessor': no URL paths identified
2018-06-12 16:21:11.212 DEBUG 5296 --- [main] o.s.w.s.h.BeanNameUrlHandlerMapping      : Rejected bean name 'springApplicationArguments': no URL paths identified
2018-06-12 16:21:11.213 DEBUG 5296 --- [main] o.s.w.s.h.BeanNameUrlHandlerMapping      : Rejected bean name 'springBootBanner': no URL paths identified
2018-06-12 16:21:11.213 DEBUG 5296 --- [main] o.s.w.s.h.BeanNameUrlHandlerMapping      : Rejected bean name 'environment': no URL paths identified
2018-06-12 16:21:11.213 DEBUG 5296 --- [main] o.s.w.s.h.BeanNameUrlHandlerMapping      : Rejected bean name 'systemProperties': no URL paths identified
2018-06-12 16:21:11.213 DEBUG 5296 --- [main] o.s.w.s.h.BeanNameUrlHandlerMapping      : Rejected bean name 'systemEnvironment': no URL paths identified
2018-06-12 16:21:11.213 DEBUG 5296 --- [main] o.s.w.s.h.BeanNameUrlHandlerMapping      : Rejected bean name 'servletContext': no URL paths identified
2018-06-12 16:21:11.213 DEBUG 5296 --- [main] o.s.w.s.h.BeanNameUrlHandlerMapping      : Rejected bean name 'contextParameters': no URL paths identified
2018-06-12 16:21:11.213 DEBUG 5296 --- [main] o.s.w.s.h.BeanNameUrlHandlerMapping      : Rejected bean name 'contextAttributes': no URL paths identified
2018-06-12 16:21:11.213 DEBUG 5296 --- [main] o.s.w.s.h.BeanNameUrlHandlerMapping      : Rejected bean name 'org.springframework.context.annotation.ConfigurationClassPostProcessor.importRegistry': no URL paths identified
2018-06-12 16:21:11.213 DEBUG 5296 --- [main] o.s.w.s.h.BeanNameUrlHandlerMapping      : Rejected bean name 'org.springframework.boot.test.mock.mockito.MockitoBeans': no URL paths identified
2018-06-12 16:21:11.213 DEBUG 5296 --- [main] o.s.w.s.h.BeanNameUrlHandlerMapping      : Rejected bean name 'messageSource': no URL paths identified
2018-06-12 16:21:11.213 DEBUG 5296 --- [main] o.s.w.s.h.BeanNameUrlHandlerMapping      : Rejected bean name 'applicationEventMulticaster': no URL paths identified
2018-06-12 16:21:11.230  INFO 5296 --- [main] o.s.w.s.handler.SimpleUrlHandlerMapping  : Mapped URL path [/webjars/**] onto handler of type [class org.springframework.web.servlet.resource.ResourceHttpRequestHandler]
2018-06-12 16:21:11.231  INFO 5296 --- [main] o.s.w.s.handler.SimpleUrlHandlerMapping  : Mapped URL path [/**] onto handler of type [class org.springframework.web.servlet.resource.ResourceHttpRequestHandler]
2018-06-12 16:21:11.250 DEBUG 5296 --- [main] .m.m.a.ExceptionHandlerExceptionResolver : Looking for exception mappings: org.springframework.web.context.support.GenericWebApplicationContext@7957dc72: startup date [Tue Jun 12 16:21:08 CST 2018]; parent: org.springframework.context.annotation.AnnotationConfigApplicationContext@238d68ff
2018-06-12 16:21:11.290  INFO 5296 --- [main] o.s.w.s.handler.SimpleUrlHandlerMapping  : Mapped URL path [/**/favicon.ico] onto handler of type [class org.springframework.web.servlet.resource.ResourceHttpRequestHandler]
2018-06-12 16:21:13.062  WARN 5296 --- [main] arterDeprecationWarningAutoConfiguration : spring-boot-starter-redis is deprecated as of Spring Boot 1.4, please migrate to spring-boot-starter-data-redis
2018-06-12 16:21:13.204  WARN 5296 --- [main] c.n.c.sources.URLConfigurationSource     : No URLs will be polled as dynamic configuration sources.
2018-06-12 16:21:13.205  INFO 5296 --- [main] c.n.c.sources.URLConfigurationSource     : To enable URLs as dynamic configuration sources, define System property archaius.configurationSource.additionalUrls or make config.properties available on classpath.
2018-06-12 16:21:13.212  WARN 5296 --- [main] c.n.c.sources.URLConfigurationSource     : No URLs will be polled as dynamic configuration sources.
2018-06-12 16:21:13.212  INFO 5296 --- [main] c.n.c.sources.URLConfigurationSource     : To enable URLs as dynamic configuration sources, define System property archaius.configurationSource.additionalUrls or make config.properties available on classpath.
2018-06-12 16:21:13.610 DEBUG 5296 --- [main] o.s.w.c.s.GenericWebApplicationContext   : Unable to locate LifecycleProcessor with name 'lifecycleProcessor': using default [org.springframework.context.support.DefaultLifecycleProcessor@698ac187]
2018-06-12 16:21:13.624 DEBUG 5296 --- [main] o.s.w.s.resource.ResourceUrlProvider     : Looking for resource handler mappings
2018-06-12 16:21:13.625 DEBUG 5296 --- [main] o.s.w.s.resource.ResourceUrlProvider     : Found resource handler mapping: URL pattern="/**/favicon.ico", locations=[ServletContext resource [/], class path resource [META-INF/resources/], class path resource [resources/], class path resource [static/], class path resource [public/], class path resource []], resolvers=[org.springframework.web.servlet.resource.PathResourceResolver@6fd9dbe6]
2018-06-12 16:21:13.625 DEBUG 5296 --- [main] o.s.w.s.resource.ResourceUrlProvider     : Found resource handler mapping: URL pattern="/webjars/**", locations=[class path resource [META-INF/resources/webjars/]], resolvers=[org.springframework.web.servlet.resource.PathResourceResolver@7b3085a3]
2018-06-12 16:21:13.625 DEBUG 5296 --- [main] o.s.w.s.resource.ResourceUrlProvider     : Found resource handler mapping: URL pattern="/**", locations=[ServletContext resource [/], class path resource [META-INF/resources/], class path resource [resources/], class path resource [static/], class path resource [public/]], resolvers=[org.springframework.web.servlet.resource.PathResourceResolver@70022d44]
2018-06-12 16:21:13.629  INFO 5296 --- [main] .d.s.XdhtDiseaseShunfengApplicationTests : Started XdhtDiseaseShunfengApplicationTests in 7.156 seconds (JVM running for 8.309)
2018-06-12 16:21:13.749  INFO 5296 --- [Thread-4] o.s.w.c.s.GenericWebApplicationContext   : Closing org.springframework.web.context.support.GenericWebApplicationContext@7957dc72: startup date [Tue Jun 12 16:21:08 CST 2018]; parent: org.springframework.context.annotation.AnnotationConfigApplicationContext@238d68ff
